1519825749002	geckodriver	INFO	geckodriver 0.19.1
1519825749009	geckodriver	INFO	Listening on 127.0.0.1:57099
1519825750100	mozrunner::runner	INFO	Running command: "/Applications/Firefox.app/Contents/MacOS/firefox-bin" "-marionette" "-profile" "/var/folders/vw/_q2x175s7t9_6vqg09p3hsvr0000gn/T/rust_mozprofile.I6GWY7jurG5L"
1519825750771	Marionette	INFO	Enabled via --marionette
2018-02-28 21:49:11.698 plugin-container[25420:3035503] *** CFMessagePort: bootstrap_register(): failed 1100 (0x44c) 'Permission denied', port = 0x813f, name = 'com.apple.tsm.portname'
See /usr/include/servers/bootstrap_defs.h for the error codes.
1519825752164	Marionette	INFO	Listening on port 57115
1519825752195	Marionette	WARN	TLS certificate errors will be ignored for this session
2018-02-28 21:49:12.678 plugin-container[25421:3035590] *** CFMessagePort: bootstrap_register(): failed 1100 (0x44c) 'Permission denied', port = 0x7e3f, name = 'com.apple.tsm.portname'
See /usr/include/servers/bootstrap_defs.h for the error codes.
1519825830737	geckodriver	INFO	geckodriver 0.19.1
1519825830744	geckodriver	INFO	Listening on 127.0.0.1:57652
1519825831815	mozrunner::runner	INFO	Running command: "/Applications/Firefox.app/Contents/MacOS/firefox-bin" "-marionette" "-profile" "/var/folders/vw/_q2x175s7t9_6vqg09p3hsvr0000gn/T/rust_mozprofile.yhsfz2smRPL6"
1519825832371	Marionette	INFO	Enabled via --marionette
2018-02-28 21:50:33.216 plugin-container[25456:3037379] *** CFMessagePort: bootstrap_register(): failed 1100 (0x44c) 'Permission denied', port = 0x7d07, name = 'com.apple.tsm.portname'
See /usr/include/servers/bootstrap_defs.h for the error codes.
1519825833590	Marionette	INFO	Listening on port 57668
1519825833676	Marionette	WARN	TLS certificate errors will be ignored for this session
2018-02-28 21:50:34.088 plugin-container[25457:3037503] *** CFMessagePort: bootstrap_register(): failed 1100 (0x44c) 'Permission denied', port = 0x703f, name = 'com.apple.tsm.portname'
See /usr/include/servers/bootstrap_defs.h for the error codes.

###!!! [Child][RunMessage] Error: Channel closing: too late to send/recv, messages will be lost


###!!! [Child][RunMessage] Error: Channel closing: too late to send/recv, messages will be lost


###!!! [Child][RunMessage] Error: Channel closing: too late to send/recv, messages will be lost


###!!! [Child][RunMessage] Error: Channel closing: too late to send/recv, messages will be lost


###!!! [Child][MessageChannel] Error: (msgtype=0x490008,name=PHttpChannel::Msg_DocumentChannelCleanup) Channel closing: too late to send/recv, messages will be lost

1519826303110	geckodriver	INFO	geckodriver 0.19.1
1519826303116	geckodriver	INFO	Listening on 127.0.0.1:60017
1519826304199	mozrunner::runner	INFO	Running command: "/Applications/Firefox.app/Contents/MacOS/firefox-bin" "-marionette" "-profile" "/var/folders/vw/_q2x175s7t9_6vqg09p3hsvr0000gn/T/rust_mozprofile.LJdmPGKejGS9"
1519826304747	Marionette	INFO	Enabled via --marionette
2018-02-28 21:58:25.634 plugin-container[25664:3052432] *** CFMessagePort: bootstrap_register(): failed 1100 (0x44c) 'Permission denied', port = 0x7d03, name = 'com.apple.tsm.portname'
See /usr/include/servers/bootstrap_defs.h for the error codes.
1519826306079	Marionette	INFO	Listening on port 60028
1519826306180	Marionette	WARN	TLS certificate errors will be ignored for this session
2018-02-28 21:58:26.516 plugin-container[25665:3052513] *** CFMessagePort: bootstrap_register(): failed 1100 (0x44c) 'Permission denied', port = 0x863f, name = 'com.apple.tsm.portname'
See /usr/include/servers/bootstrap_defs.h for the error codes.
2018-02-28 21:58:47.244 plugin-container[25671:3053129] *** CFMessagePort: bootstrap_register(): failed 1100 (0x44c) 'Permission denied', port = 0x863f, name = 'com.apple.tsm.portname'
See /usr/include/servers/bootstrap_defs.h for the error codes.
1519826375938	geckodriver	INFO	geckodriver 0.19.1
1519826375945	geckodriver	INFO	Listening on 127.0.0.1:60496
1519826377023	mozrunner::runner	INFO	Running command: "/Applications/Firefox.app/Contents/MacOS/firefox-bin" "-marionette" "-profile" "/var/folders/vw/_q2x175s7t9_6vqg09p3hsvr0000gn/T/rust_mozprofile.QsLGkWzp7utR"
1519826377597	Marionette	INFO	Enabled via --marionette
2018-02-28 21:59:38.524 plugin-container[25698:3054368] *** CFMessagePort: bootstrap_register(): failed 1100 (0x44c) 'Permission denied', port = 0x8d0b, name = 'com.apple.tsm.portname'
See /usr/include/servers/bootstrap_defs.h for the error codes.
1519826379104	Marionette	INFO	Listening on port 60513
1519826379152	Marionette	WARN	TLS certificate errors will be ignored for this session
2018-02-28 21:59:40.100 plugin-container[25699:3054512] *** CFMessagePort: bootstrap_register(): failed 1100 (0x44c) 'Permission denied', port = 0x8547, name = 'com.apple.tsm.portname'
See /usr/include/servers/bootstrap_defs.h for the error codes.
1519826512533	geckodriver	INFO	geckodriver 0.19.1
1519826512540	geckodriver	INFO	Listening on 127.0.0.1:61357
1519826513627	mozrunner::runner	INFO	Running command: "/Applications/Firefox.app/Contents/MacOS/firefox-bin" "-marionette" "-profile" "/var/folders/vw/_q2x175s7t9_6vqg09p3hsvr0000gn/T/rust_mozprofile.eEPuNAtuwIE9"
1519826514243	Marionette	INFO	Enabled via --marionette
2018-02-28 22:01:55.237 plugin-container[25745:3059045] *** CFMessagePort: bootstrap_register(): failed 1100 (0x44c) 'Permission denied', port = 0x8147, name = 'com.apple.tsm.portname'
See /usr/include/servers/bootstrap_defs.h for the error codes.
1519826515791	Marionette	INFO	Listening on port 61372
1519826515837	Marionette	WARN	TLS certificate errors will be ignored for this session
2018-02-28 22:01:56.291 plugin-container[25746:3059137] *** CFMessagePort: bootstrap_register(): failed 1100 (0x44c) 'Permission denied', port = 0x7903, name = 'com.apple.tsm.portname'
See /usr/include/servers/bootstrap_defs.h for the error codes.
*** UTM:SVC TimerManager:registerTimer called after profile-before-change notification. Ignoring timer registration for id: telemetry_modules_ping
1519826633241	geckodriver	INFO	geckodriver 0.19.1
1519826633247	geckodriver	INFO	Listening on 127.0.0.1:62116
1519826634327	mozrunner::runner	INFO	Running command: "/Applications/Firefox.app/Contents/MacOS/firefox-bin" "-marionette" "-profile" "/var/folders/vw/_q2x175s7t9_6vqg09p3hsvr0000gn/T/rust_mozprofile.HOhDSUZJflR7"
1519826634901	Marionette	INFO	Enabled via --marionette
2018-02-28 22:03:55.739 plugin-container[25795:3062692] *** CFMessagePort: bootstrap_register(): failed 1100 (0x44c) 'Permission denied', port = 0x8437, name = 'com.apple.tsm.portname'
See /usr/include/servers/bootstrap_defs.h for the error codes.
1519826636159	Marionette	INFO	Listening on port 62131
1519826636200	Marionette	WARN	TLS certificate errors will be ignored for this session
2018-02-28 22:03:56.635 plugin-container[25796:3062768] *** CFMessagePort: bootstrap_register(): failed 1100 (0x44c) 'Permission denied', port = 0x753f, name = 'com.apple.tsm.portname'
See /usr/include/servers/bootstrap_defs.h for the error codes.
1519826966339	geckodriver	INFO	geckodriver 0.19.1
1519826966346	geckodriver	INFO	Listening on 127.0.0.1:62873
1519826967424	mozrunner::runner	INFO	Running command: "/Applications/Firefox.app/Contents/MacOS/firefox-bin" "-marionette" "-profile" "/var/folders/vw/_q2x175s7t9_6vqg09p3hsvr0000gn/T/rust_mozprofile.eICRDucuzX6T"
1519826967978	Marionette	INFO	Enabled via --marionette
2018-02-28 22:09:28.924 plugin-container[25931:3074269] *** CFMessagePort: bootstrap_register(): failed 1100 (0x44c) 'Permission denied', port = 0x723f, name = 'com.apple.tsm.portname'
See /usr/include/servers/bootstrap_defs.h for the error codes.
1519826969352	Marionette	INFO	Listening on port 62884
1519826969393	Marionette	WARN	TLS certificate errors will be ignored for this session
2018-02-28 22:09:29.878 plugin-container[25932:3074404] *** CFMessagePort: bootstrap_register(): failed 1100 (0x44c) 'Permission denied', port = 0x893f, name = 'com.apple.tsm.portname'
See /usr/include/servers/bootstrap_defs.h for the error codes.
1519826978745	geckodriver	INFO	geckodriver 0.19.1
1519826978750	geckodriver	INFO	Listening on 127.0.0.1:62945
1519826979836	mozrunner::runner	INFO	Running command: "/Applications/Firefox.app/Contents/MacOS/firefox-bin" "-marionette" "-profile" "/var/folders/vw/_q2x175s7t9_6vqg09p3hsvr0000gn/T/rust_mozprofile.IDr9SZBYqD4u"
1519826980402	Marionette	INFO	Enabled via --marionette
2018-02-28 22:09:41.541 plugin-container[25942:3074752] *** CFMessagePort: bootstrap_register(): failed 1100 (0x44c) 'Permission denied', port = 0x813f, name = 'com.apple.tsm.portname'
See /usr/include/servers/bootstrap_defs.h for the error codes.
1519826981938	Marionette	INFO	Listening on port 62956
1519826981957	Marionette	WARN	TLS certificate errors will be ignored for this session
2018-02-28 22:09:42.608 plugin-container[25945:3074840] *** CFMessagePort: bootstrap_register(): failed 1100 (0x44c) 'Permission denied', port = 0x9003, name = 'com.apple.tsm.portname'
See /usr/include/servers/bootstrap_defs.h for the error codes.
1519827248354	geckodriver	INFO	geckodriver 0.19.1
1519827248360	geckodriver	INFO	Listening on 127.0.0.1:64156
1519827249445	mozrunner::runner	INFO	Running command: "/Applications/Firefox.app/Contents/MacOS/firefox-bin" "-marionette" "-profile" "/var/folders/vw/_q2x175s7t9_6vqg09p3hsvr0000gn/T/rust_mozprofile.HWCI0yb5PR2L"
1519827250080	Marionette	INFO	Enabled via --marionette
2018-02-28 22:14:10.971 plugin-container[26043:3083313] *** CFMessagePort: bootstrap_register(): failed 1100 (0x44c) 'Permission denied', port = 0x763b, name = 'com.apple.tsm.portname'
See /usr/include/servers/bootstrap_defs.h for the error codes.
1519827251417	Marionette	INFO	Listening on port 64173
1519827251520	Marionette	WARN	TLS certificate errors will be ignored for this session
2018-02-28 22:14:11.857 plugin-container[26044:3083386] *** CFMessagePort: bootstrap_register(): failed 1100 (0x44c) 'Permission denied', port = 0x7603, name = 'com.apple.tsm.portname'
See /usr/include/servers/bootstrap_defs.h for the error codes.
1519827347383	geckodriver	INFO	geckodriver 0.19.1
1519827347390	geckodriver	INFO	Listening on 127.0.0.1:64858
1519827348470	mozrunner::runner	INFO	Running command: "/Applications/Firefox.app/Contents/MacOS/firefox-bin" "-marionette" "-profile" "/var/folders/vw/_q2x175s7t9_6vqg09p3hsvr0000gn/T/rust_mozprofile.i5wZoXIiz8MM"
1519827349053	Marionette	INFO	Enabled via --marionette
2018-02-28 22:15:50.060 plugin-container[26080:3086592] *** CFMessagePort: bootstrap_register(): failed 1100 (0x44c) 'Permission denied', port = 0x7a07, name = 'com.apple.tsm.portname'
See /usr/include/servers/bootstrap_defs.h for the error codes.
1519827350610	Marionette	INFO	Listening on port 64873
1519827350696	Marionette	WARN	TLS certificate errors will be ignored for this session
2018-02-28 22:15:51.059 plugin-container[26081:3086670] *** CFMessagePort: bootstrap_register(): failed 1100 (0x44c) 'Permission denied', port = 0x7e03, name = 'com.apple.tsm.portname'
See /usr/include/servers/bootstrap_defs.h for the error codes.
1519827397374	geckodriver	INFO	geckodriver 0.19.1
1519827397380	geckodriver	INFO	Listening on 127.0.0.1:65285
1519827398467	mozrunner::runner	INFO	Running command: "/Applications/Firefox.app/Contents/MacOS/firefox-bin" "-marionette" "-profile" "/var/folders/vw/_q2x175s7t9_6vqg09p3hsvr0000gn/T/rust_mozprofile.bGtcPuy6zIzE"
1519827399076	Marionette	INFO	Enabled via --marionette
2018-02-28 22:16:39.977 plugin-container[26102:3088226] *** CFMessagePort: bootstrap_register(): failed 1100 (0x44c) 'Permission denied', port = 0x7e27, name = 'com.apple.tsm.portname'
See /usr/include/servers/bootstrap_defs.h for the error codes.
1519827400482	Marionette	INFO	Listening on port 65300
1519827400544	Marionette	WARN	TLS certificate errors will be ignored for this session
2018-02-28 22:16:40.951 plugin-container[26103:3088304] *** CFMessagePort: bootstrap_register(): failed 1100 (0x44c) 'Permission denied', port = 0x833f, name = 'com.apple.tsm.portname'
See /usr/include/servers/bootstrap_defs.h for the error codes.

###!!! [Child][RunMessage] Error: Channel closing: too late to send/recv, messages will be lost

*** UTM:SVC TimerManager:registerTimer called after profile-before-change notification. Ignoring timer registration for id: telemetry_modules_ping
1519827420363	geckodriver	INFO	geckodriver 0.19.1
1519827420368	geckodriver	INFO	Listening on 127.0.0.1:49200
1519827421454	mozrunner::runner	INFO	Running command: "/Applications/Firefox.app/Contents/MacOS/firefox-bin" "-marionette" "-profile" "/var/folders/vw/_q2x175s7t9_6vqg09p3hsvr0000gn/T/rust_mozprofile.TOYvZoT4J3NA"
1519827421993	Marionette	INFO	Enabled via --marionette
2018-02-28 22:17:02.829 plugin-container[26114:3089124] *** CFMessagePort: bootstrap_register(): failed 1100 (0x44c) 'Permission denied', port = 0x8243, name = 'com.apple.tsm.portname'
See /usr/include/servers/bootstrap_defs.h for the error codes.
1519827423200	Marionette	INFO	Listening on port 49215
1519827423249	Marionette	WARN	TLS certificate errors will be ignored for this session
2018-02-28 22:17:03.721 plugin-container[26116:3089219] *** CFMessagePort: bootstrap_register(): failed 1100 (0x44c) 'Permission denied', port = 0x753f, name = 'com.apple.tsm.portname'
See /usr/include/servers/bootstrap_defs.h for the error codes.
1519827473436	geckodriver	INFO	geckodriver 0.19.1
1519827473441	geckodriver	INFO	Listening on 127.0.0.1:49618
1519827474535	mozrunner::runner	INFO	Running command: "/Applications/Firefox.app/Contents/MacOS/firefox-bin" "-marionette" "-profile" "/var/folders/vw/_q2x175s7t9_6vqg09p3hsvr0000gn/T/rust_mozprofile.rob7djmtvLUK"
1519827475091	Marionette	INFO	Enabled via --marionette
2018-02-28 22:17:55.962 plugin-container[26135:3090786] *** CFMessagePort: bootstrap_register(): failed 1100 (0x44c) 'Permission denied', port = 0x7f3f, name = 'com.apple.tsm.portname'
See /usr/include/servers/bootstrap_defs.h for the error codes.
1519827476432	Marionette	INFO	Listening on port 49633
1519827476498	Marionette	WARN	TLS certificate errors will be ignored for this session
2018-02-28 22:17:56.896 plugin-container[26136:3090856] *** CFMessagePort: bootstrap_register(): failed 1100 (0x44c) 'Permission denied', port = 0x8343, name = 'com.apple.tsm.portname'
See /usr/include/servers/bootstrap_defs.h for the error codes.
*** UTM:SVC TimerManager:registerTimer called after profile-before-change notification. Ignoring timer registration for id: telemetry_modules_ping
1519827519051	geckodriver	INFO	geckodriver 0.19.1
1519827519056	geckodriver	INFO	Listening on 127.0.0.1:50016
1519827520127	mozrunner::runner	INFO	Running command: "/Applications/Firefox.app/Contents/MacOS/firefox-bin" "-marionette" "-profile" "/var/folders/vw/_q2x175s7t9_6vqg09p3hsvr0000gn/T/rust_mozprofile.oVN2qr4dZzLr"
1519827520639	Marionette	INFO	Enabled via --marionette
2018-02-28 22:18:41.580 plugin-container[26154:3092295] *** CFMessagePort: bootstrap_register(): failed 1100 (0x44c) 'Permission denied', port = 0x753f, name = 'com.apple.tsm.portname'
See /usr/include/servers/bootstrap_defs.h for the error codes.
1519827522014	Marionette	INFO	Listening on port 50031
1519827522097	Marionette	WARN	TLS certificate errors will be ignored for this session
*** UTM:SVC TimerManager:registerTimer called after profile-before-change notification. Ignoring timer registration for id: telemetry_modules_ping
2018-02-28 22:18:42.770 plugin-container[26155:3092385] *** CFMessagePort: bootstrap_register(): failed 1100 (0x44c) 'Permission denied', port = 0x8907, name = 'com.apple.tsm.portname'
See /usr/include/servers/bootstrap_defs.h for the error codes.
1519827634358	geckodriver	INFO	geckodriver 0.19.1
1519827634365	geckodriver	INFO	Listening on 127.0.0.1:50733
1519827635438	mozrunner::runner	INFO	Running command: "/Applications/Firefox.app/Contents/MacOS/firefox-bin" "-marionette" "-profile" "/var/folders/vw/_q2x175s7t9_6vqg09p3hsvr0000gn/T/rust_mozprofile.VfUrsd2xpTRV"
1519827636035	Marionette	INFO	Enabled via --marionette
2018-02-28 22:20:36.902 plugin-container[26192:3095416] *** CFMessagePort: bootstrap_register(): failed 1100 (0x44c) 'Permission denied', port = 0x793f, name = 'com.apple.tsm.portname'
See /usr/include/servers/bootstrap_defs.h for the error codes.
1519827637443	Marionette	INFO	Listening on port 50748
1519827637527	Marionette	WARN	TLS certificate errors will be ignored for this session
2018-02-28 22:20:37.923 plugin-container[26193:3095504] *** CFMessagePort: bootstrap_register(): failed 1100 (0x44c) 'Permission denied', port = 0x7b3f, name = 'com.apple.tsm.portname'
See /usr/include/servers/bootstrap_defs.h for the error codes.
1519827652021	geckodriver	INFO	geckodriver 0.19.1
1519827652033	geckodriver	INFO	Listening on 127.0.0.1:51013
1519827652167	mozrunner::runner	INFO	Running command: "/Applications/Firefox.app/Contents/MacOS/firefox-bin" "-marionette" "-profile" "/var/folders/vw/_q2x175s7t9_6vqg09p3hsvr0000gn/T/rust_mozprofile.jW8UsZCluqGu"
1519827653011	Marionette	INFO	Enabled via --marionette
2018-02-28 22:20:54.465 plugin-container[26203:3096007] *** CFMessagePort: bootstrap_register(): failed 1100 (0x44c) 'Permission denied', port = 0x823f, name = 'com.apple.tsm.portname'
See /usr/include/servers/bootstrap_defs.h for the error codes.
1519827655167	Marionette	INFO	Listening on port 51022
1519827655290	Marionette	WARN	TLS certificate errors will be ignored for this session
2018-02-28 22:20:55.464 plugin-container[26206:3096130] *** CFMessagePort: bootstrap_register(): failed 1100 (0x44c) 'Permission denied', port = 0x7a3f, name = 'com.apple.tsm.portname'
See /usr/include/servers/bootstrap_defs.h for the error codes.

###!!! [Child][RunMessage] Error: Channel closing: too late to send/recv, messages will be lost


###!!! [Child][RunMessage] Error: Channel closing: too late to send/recv, messages will be lost

*** UTM:SVC TimerManager:registerTimer called after profile-before-change notification. Ignoring timer registration for id: telemetry_modules_ping
1519827669223	geckodriver	INFO	geckodriver 0.19.1
1519827669238	geckodriver	INFO	Listening on 127.0.0.1:51295
1519827669365	mozrunner::runner	INFO	Running command: "/Applications/Firefox.app/Contents/MacOS/firefox-bin" "-marionette" "-profile" "/var/folders/vw/_q2x175s7t9_6vqg09p3hsvr0000gn/T/rust_mozprofile.q4cL3F9NVrCl"
1519827670245	Marionette	INFO	Enabled via --marionette

###!!! [Child][RunMessage] Error: Channel closing: too late to send/recv, messages will be lost

*** UTM:SVC TimerManager:registerTimer called after profile-before-change notification. Ignoring timer registration for id: telemetry_modules_ping
2018-02-28 22:21:11.887 plugin-container[26215:3096695] *** CFMessagePort: bootstrap_register(): failed 1100 (0x44c) 'Permission denied', port = 0x823f, name = 'com.apple.tsm.portname'
See /usr/include/servers/bootstrap_defs.h for the error codes.
1519827672314	Marionette	INFO	Listening on port 51304
1519827672348	Marionette	WARN	TLS certificate errors will be ignored for this session
2018-02-28 22:21:13.233 plugin-container[26216:3096817] *** CFMessagePort: bootstrap_register(): failed 1100 (0x44c) 'Permission denied', port = 0x793f, name = 'com.apple.tsm.portname'
See /usr/include/servers/bootstrap_defs.h for the error codes.
1519827768877	geckodriver	INFO	geckodriver 0.19.1
1519827768884	geckodriver	INFO	Listening on 127.0.0.1:51947
1519827769956	mozrunner::runner	INFO	Running command: "/Applications/Firefox.app/Contents/MacOS/firefox-bin" "-marionette" "-profile" "/var/folders/vw/_q2x175s7t9_6vqg09p3hsvr0000gn/T/rust_mozprofile.hMWD7dorg10d"
1519827770817	Marionette	INFO	Enabled via --marionette
2018-02-28 22:22:51.996 plugin-container[26247:3099518] *** CFMessagePort: bootstrap_register(): failed 1100 (0x44c) 'Permission denied', port = 0x8037, name = 'com.apple.tsm.portname'
See /usr/include/servers/bootstrap_defs.h for the error codes.
1519827772422	Marionette	INFO	Listening on port 51962
1519827772485	Marionette	WARN	TLS certificate errors will be ignored for this session
2018-02-28 22:22:52.879 plugin-container[26248:3099606] *** CFMessagePort: bootstrap_register(): failed 1100 (0x44c) 'Permission denied', port = 0x883f, name = 'com.apple.tsm.portname'
See /usr/include/servers/bootstrap_defs.h for the error codes.
1519827804804	geckodriver	INFO	geckodriver 0.19.1
1519827804811	geckodriver	INFO	Listening on 127.0.0.1:52292
1519827805892	mozrunner::runner	INFO	Running command: "/Applications/Firefox.app/Contents/MacOS/firefox-bin" "-marionette" "-profile" "/var/folders/vw/_q2x175s7t9_6vqg09p3hsvr0000gn/T/rust_mozprofile.OMYlZTFMLfd5"
1519827806463	Marionette	INFO	Enabled via --marionette
2018-02-28 22:23:27.388 plugin-container[26268:3100826] *** CFMessagePort: bootstrap_register(): failed 1100 (0x44c) 'Permission denied', port = 0x7b03, name = 'com.apple.tsm.portname'
See /usr/include/servers/bootstrap_defs.h for the error codes.
1519827807886	Marionette	INFO	Listening on port 52307
1519827807982	Marionette	WARN	TLS certificate errors will be ignored for this session
2018-02-28 22:23:28.343 plugin-container[26269:3100940] *** CFMessagePort: bootstrap_register(): failed 1100 (0x44c) 'Permission denied', port = 0x723f, name = 'com.apple.tsm.portname'
See /usr/include/servers/bootstrap_defs.h for the error codes.
1519827823245	geckodriver	INFO	geckodriver 0.19.1
1519827823255	geckodriver	INFO	Listening on 127.0.0.1:52531
1519827823433	mozrunner::runner	INFO	Running command: "/Applications/Firefox.app/Contents/MacOS/firefox-bin" "-marionette" "-profile" "/var/folders/vw/_q2x175s7t9_6vqg09p3hsvr0000gn/T/rust_mozprofile.6dhN5rLzS65N"
1519827824596	Marionette	INFO	Enabled via --marionette
2018-02-28 22:23:47.001 plugin-container[26283:3101600] *** CFMessagePort: bootstrap_register(): failed 1100 (0x44c) 'Permission denied', port = 0x7f07, name = 'com.apple.tsm.portname'
See /usr/include/servers/bootstrap_defs.h for the error codes.
*** UTM:SVC TimerManager:registerTimer called after profile-before-change notification. Ignoring timer registration for id: telemetry_modules_ping
1519827828210	Marionette	INFO	Listening on port 52555
1519827828313	Marionette	WARN	TLS certificate errors will be ignored for this session
2018-02-28 22:23:49.225 plugin-container[26284:3101775] *** CFMessagePort: bootstrap_register(): failed 1100 (0x44c) 'Permission denied', port = 0x8b07, name = 'com.apple.tsm.portname'
See /usr/include/servers/bootstrap_defs.h for the error codes.

###!!! [Child][RunMessage] Error: Channel closing: too late to send/recv, messages will be lost

*** UTM:SVC TimerManager:registerTimer called after profile-before-change notification. Ignoring timer registration for id: telemetry_modules_ping
1519827875784	geckodriver	INFO	geckodriver 0.19.1
1519827875790	geckodriver	INFO	Listening on 127.0.0.1:53041
1519827876870	mozrunner::runner	INFO	Running command: "/Applications/Firefox.app/Contents/MacOS/firefox-bin" "-marionette" "-profile" "/var/folders/vw/_q2x175s7t9_6vqg09p3hsvr0000gn/T/rust_mozprofile.LDtbEtxHxqVP"
1519827877361	Marionette	INFO	Enabled via --marionette
2018-02-28 22:24:38.248 plugin-container[26309:3103471] *** CFMessagePort: bootstrap_register(): failed 1100 (0x44c) 'Permission denied', port = 0x823f, name = 'com.apple.tsm.portname'
See /usr/include/servers/bootstrap_defs.h for the error codes.
1519827878605	Marionette	INFO	Listening on port 53061
1519827878651	Marionette	WARN	TLS certificate errors will be ignored for this session
2018-02-28 22:24:39.109 plugin-container[26310:3103605] *** CFMessagePort: bootstrap_register(): failed 1100 (0x44c) 'Permission denied', port = 0x853f, name = 'com.apple.tsm.portname'
See /usr/include/servers/bootstrap_defs.h for the error codes.
*** UTM:SVC TimerManager:registerTimer called after profile-before-change notification. Ignoring timer registration for id: telemetry_modules_ping
1519827944918	geckodriver	INFO	geckodriver 0.19.1
1519827944924	geckodriver	INFO	Listening on 127.0.0.1:53562
1519827946002	mozrunner::runner	INFO	Running command: "/Applications/Firefox.app/Contents/MacOS/firefox-bin" "-marionette" "-profile" "/var/folders/vw/_q2x175s7t9_6vqg09p3hsvr0000gn/T/rust_mozprofile.EqzyYmSVmbJH"
1519827946550	Marionette	INFO	Enabled via --marionette
2018-02-28 22:25:47.382 plugin-container[26355:3105737] *** CFMessagePort: bootstrap_register(): failed 1100 (0x44c) 'Permission denied', port = 0x793f, name = 'com.apple.tsm.portname'
See /usr/include/servers/bootstrap_defs.h for the error codes.
1519827947747	Marionette	INFO	Listening on port 53579
1519827947781	Marionette	WARN	TLS certificate errors will be ignored for this session
2018-02-28 22:25:48.275 plugin-container[26356:3105815] *** CFMessagePort: bootstrap_register(): failed 1100 (0x44c) 'Permission denied', port = 0x7e3f, name = 'com.apple.tsm.portname'
See /usr/include/servers/bootstrap_defs.h for the error codes.
1519828097026	geckodriver	INFO	geckodriver 0.19.1
1519828097033	geckodriver	INFO	Listening on 127.0.0.1:54477
1519828098105	mozrunner::runner	INFO	Running command: "/Applications/Firefox.app/Contents/MacOS/firefox-bin" "-marionette" "-profile" "/var/folders/vw/_q2x175s7t9_6vqg09p3hsvr0000gn/T/rust_mozprofile.HxTgkUM1tCOV"
1519828098649	Marionette	INFO	Enabled via --marionette
2018-02-28 22:28:19.498 plugin-container[26413:3110951] *** CFMessagePort: bootstrap_register(): failed 1100 (0x44c) 'Permission denied', port = 0x7e3f, name = 'com.apple.tsm.portname'
See /usr/include/servers/bootstrap_defs.h for the error codes.
1519828099872	Marionette	INFO	Listening on port 54492
1519828099969	Marionette	WARN	TLS certificate errors will be ignored for this session
2018-02-28 22:28:20.381 plugin-container[26414:3111029] *** CFMessagePort: bootstrap_register(): failed 1100 (0x44c) 'Permission denied', port = 0x823f, name = 'com.apple.tsm.portname'
See /usr/include/servers/bootstrap_defs.h for the error codes.
1519828116846	geckodriver	INFO	geckodriver 0.19.1
1519828116857	geckodriver	INFO	Listening on 127.0.0.1:54748
1519828116966	mozrunner::runner	INFO	Running command: "/Applications/Firefox.app/Contents/MacOS/firefox-bin" "-marionette" "-profile" "/var/folders/vw/_q2x175s7t9_6vqg09p3hsvr0000gn/T/rust_mozprofile.m82lcaT6ryVs"
1519828117859	Marionette	INFO	Enabled via --marionette
2018-02-28 22:28:39.334 plugin-container[26427:3111670] *** CFMessagePort: bootstrap_register(): failed 1100 (0x44c) 'Permission denied', port = 0x743f, name = 'com.apple.tsm.portname'
See /usr/include/servers/bootstrap_defs.h for the error codes.
1519828119910	Marionette	INFO	Listening on port 54757
1519828119978	Marionette	WARN	TLS certificate errors will be ignored for this session
2018-02-28 22:28:40.992 plugin-container[26428:3111766] *** CFMessagePort: bootstrap_register(): failed 1100 (0x44c) 'Permission denied', port = 0x7707, name = 'com.apple.tsm.portname'
See /usr/include/servers/bootstrap_defs.h for the error codes.

###!!! [Child][RunMessage] Error: Channel closing: too late to send/recv, messages will be lost


###!!! [Child][RunMessage] Error: Channel closing: too late to send/recv, messages will be lost


###!!! [Child][RunMessage] Error: Channel closing: too late to send/recv, messages will be lost

*** UTM:SVC TimerManager:registerTimer called after profile-before-change notification. Ignoring timer registration for id: telemetry_modules_ping
1519828149750	geckodriver	INFO	geckodriver 0.19.1
1519828149756	geckodriver	INFO	Listening on 127.0.0.1:55072
1519828150834	mozrunner::runner	INFO	Running command: "/Applications/Firefox.app/Contents/MacOS/firefox-bin" "-marionette" "-profile" "/var/folders/vw/_q2x175s7t9_6vqg09p3hsvr0000gn/T/rust_mozprofile.djlu5p5trZTv"
1519828151373	Marionette	INFO	Enabled via --marionette
2018-02-28 22:29:12.208 plugin-container[26442:3113075] *** CFMessagePort: bootstrap_register(): failed 1100 (0x44c) 'Permission denied', port = 0x7c03, name = 'com.apple.tsm.portname'
See /usr/include/servers/bootstrap_defs.h for the error codes.
1519828152577	Marionette	INFO	Listening on port 55089
1519828152616	Marionette	WARN	TLS certificate errors will be ignored for this session
2018-02-28 22:29:13.098 plugin-container[26443:3113155] *** CFMessagePort: bootstrap_register(): failed 1100 (0x44c) 'Permission denied', port = 0x8603, name = 'com.apple.tsm.portname'
See /usr/include/servers/bootstrap_defs.h for the error codes.
1519828188458	geckodriver	INFO	geckodriver 0.19.1
1519828188464	geckodriver	INFO	Listening on 127.0.0.1:55448
1519828189538	mozrunner::runner	INFO	Running command: "/Applications/Firefox.app/Contents/MacOS/firefox-bin" "-marionette" "-profile" "/var/folders/vw/_q2x175s7t9_6vqg09p3hsvr0000gn/T/rust_mozprofile.cVERbxHa2uZd"
1519828190111	Marionette	INFO	Enabled via --marionette
2018-02-28 22:29:51.003 plugin-container[26460:3114832] *** CFMessagePort: bootstrap_register(): failed 1100 (0x44c) 'Permission denied', port = 0x7f3f, name = 'com.apple.tsm.portname'
See /usr/include/servers/bootstrap_defs.h for the error codes.
1519828191511	Marionette	INFO	Listening on port 55465
1519828191567	Marionette	WARN	TLS certificate errors will be ignored for this session
2018-02-28 22:29:52.081 plugin-container[26461:3114919] *** CFMessagePort: bootstrap_register(): failed 1100 (0x44c) 'Permission denied', port = 0x813f, name = 'com.apple.tsm.portname'
See /usr/include/servers/bootstrap_defs.h for the error codes.
*** UTM:SVC TimerManager:registerTimer called after profile-before-change notification. Ignoring timer registration for id: telemetry_modules_ping
1519828243234	geckodriver	INFO	geckodriver 0.19.1
1519828243241	geckodriver	INFO	Listening on 127.0.0.1:55884
1519828244314	mozrunner::runner	INFO	Running command: "/Applications/Firefox.app/Contents/MacOS/firefox-bin" "-marionette" "-profile" "/var/folders/vw/_q2x175s7t9_6vqg09p3hsvr0000gn/T/rust_mozprofile.YOnNxFAbaB3a"
1519828244980	Marionette	INFO	Enabled via --marionette
2018-02-28 22:30:46.170 plugin-container[26518:3116697] *** CFMessagePort: bootstrap_register(): failed 1100 (0x44c) 'Permission denied', port = 0x7d43, name = 'com.apple.tsm.portname'
See /usr/include/servers/bootstrap_defs.h for the error codes.
1519828246774	Marionette	INFO	Listening on port 55899
1519828246844	Marionette	WARN	TLS certificate errors will be ignored for this session
2018-02-28 22:30:47.273 plugin-container[26520:3116793] *** CFMessagePort: bootstrap_register(): failed 1100 (0x44c) 'Permission denied', port = 0x873f, name = 'com.apple.tsm.portname'
See /usr/include/servers/bootstrap_defs.h for the error codes.
1519828274511	geckodriver	INFO	geckodriver 0.19.1
1519828274518	geckodriver	INFO	Listening on 127.0.0.1:56236
1519828275589	mozrunner::runner	INFO	Running command: "/Applications/Firefox.app/Contents/MacOS/firefox-bin" "-marionette" "-profile" "/var/folders/vw/_q2x175s7t9_6vqg09p3hsvr0000gn/T/rust_mozprofile.NGQ9FMPqAqw9"
1519828276144	Marionette	INFO	Enabled via --marionette
2018-02-28 22:31:17.027 plugin-container[26537:3117899] *** CFMessagePort: bootstrap_register(): failed 1100 (0x44c) 'Permission denied', port = 0x883f, name = 'com.apple.tsm.portname'
See /usr/include/servers/bootstrap_defs.h for the error codes.
1519828277411	Marionette	INFO	Listening on port 56251
1519828277457	Marionette	WARN	TLS certificate errors will be ignored for this session
2018-02-28 22:31:17.907 plugin-container[26540:3117982] *** CFMessagePort: bootstrap_register(): failed 1100 (0x44c) 'Permission denied', port = 0x7c03, name = 'com.apple.tsm.portname'
See /usr/include/servers/bootstrap_defs.h for the error codes.
1519828308717	geckodriver	INFO	geckodriver 0.19.1
1519828308724	geckodriver	INFO	Listening on 127.0.0.1:56562
1519828309796	mozrunner::runner	INFO	Running command: "/Applications/Firefox.app/Contents/MacOS/firefox-bin" "-marionette" "-profile" "/var/folders/vw/_q2x175s7t9_6vqg09p3hsvr0000gn/T/rust_mozprofile.6izXzShVQ4Gy"
1519828310372	Marionette	INFO	Enabled via --marionette
2018-02-28 22:31:51.237 plugin-container[26557:3119076] *** CFMessagePort: bootstrap_register(): failed 1100 (0x44c) 'Permission denied', port = 0x8103, name = 'com.apple.tsm.portname'
See /usr/include/servers/bootstrap_defs.h for the error codes.
1519828311643	Marionette	INFO	Listening on port 56579
1519828311681	Marionette	WARN	TLS certificate errors will be ignored for this session
2018-02-28 22:31:52.252 plugin-container[26558:3119153] *** CFMessagePort: bootstrap_register(): failed 1100 (0x44c) 'Permission denied', port = 0x763f, name = 'com.apple.tsm.portname'
See /usr/include/servers/bootstrap_defs.h for the error codes.
1519828323560	geckodriver	INFO	geckodriver 0.19.1
1519828323576	geckodriver	INFO	Listening on 127.0.0.1:56789
1519828323786	mozrunner::runner	INFO	Running command: "/Applications/Firefox.app/Contents/MacOS/firefox-bin" "-marionette" "-profile" "/var/folders/vw/_q2x175s7t9_6vqg09p3hsvr0000gn/T/rust_mozprofile.VfZsUGAu9mEg"
1519828324596	Marionette	INFO	Enabled via --marionette
2018-02-28 22:32:05.921 plugin-container[26567:3119748] *** CFMessagePort: bootstrap_register(): failed 1100 (0x44c) 'Permission denied', port = 0x7907, name = 'com.apple.tsm.portname'
See /usr/include/servers/bootstrap_defs.h for the error codes.
1519828326708	Marionette	INFO	Listening on port 56812
1519828326828	Marionette	WARN	TLS certificate errors will be ignored for this session
2018-02-28 22:32:07.681 plugin-container[26569:3119861] *** CFMessagePort: bootstrap_register(): failed 1100 (0x44c) 'Permission denied', port = 0x853f, name = 'com.apple.tsm.portname'
See /usr/include/servers/bootstrap_defs.h for the error codes.
*** UTM:SVC TimerManager:registerTimer called after profile-before-change notification. Ignoring timer registration for id: telemetry_modules_ping
*** UTM:SVC TimerManager:registerTimer called after profile-before-change notification. Ignoring timer registration for id: telemetry_modules_ping
1519828356370	geckodriver	INFO	geckodriver 0.19.1
1519828356375	geckodriver	INFO	Listening on 127.0.0.1:57183
1519828357462	mozrunner::runner	INFO	Running command: "/Applications/Firefox.app/Contents/MacOS/firefox-bin" "-marionette" "-profile" "/var/folders/vw/_q2x175s7t9_6vqg09p3hsvr0000gn/T/rust_mozprofile.uldW33OgVrKk"
1519828358107	Marionette	INFO	Enabled via --marionette
2018-02-28 22:32:38.941 plugin-container[26585:3120885] *** CFMessagePort: bootstrap_register(): failed 1100 (0x44c) 'Permission denied', port = 0x7a3f, name = 'com.apple.tsm.portname'
See /usr/include/servers/bootstrap_defs.h for the error codes.
1519828359314	Marionette	INFO	Listening on port 57200
1519828359356	Marionette	WARN	TLS certificate errors will be ignored for this session
2018-02-28 22:32:39.838 plugin-container[26586:3121015] *** CFMessagePort: bootstrap_register(): failed 1100 (0x44c) 'Permission denied', port = 0x7b3f, name = 'com.apple.tsm.portname'
See /usr/include/servers/bootstrap_defs.h for the error codes.
2018-02-28 22:34:45.056 plugin-container[26626:3124490] *** CFMessagePort: bootstrap_register(): failed 1100 (0x44c) 'Permission denied', port = 0x7543, name = 'com.apple.tsm.portname'
See /usr/include/servers/bootstrap_defs.h for the error codes.
1519828505484	geckodriver	INFO	geckodriver 0.19.1
1519828505490	geckodriver	INFO	Listening on 127.0.0.1:58019
1519828506562	mozrunner::runner	INFO	Running command: "/Applications/Firefox.app/Contents/MacOS/firefox-bin" "-marionette" "-profile" "/var/folders/vw/_q2x175s7t9_6vqg09p3hsvr0000gn/T/rust_mozprofile.9Zg5MWz5m7fO"
1519828507103	Marionette	INFO	Enabled via --marionette
2018-02-28 22:35:07.955 plugin-container[26638:3125104] *** CFMessagePort: bootstrap_register(): failed 1100 (0x44c) 'Permission denied', port = 0x8107, name = 'com.apple.tsm.portname'
See /usr/include/servers/bootstrap_defs.h for the error codes.
1519828508333	Marionette	INFO	Listening on port 58032
1519828508442	Marionette	WARN	TLS certificate errors will be ignored for this session
2018-02-28 22:35:08.858 plugin-container[26641:3125191] *** CFMessagePort: bootstrap_register(): failed 1100 (0x44c) 'Permission denied', port = 0x7c3f, name = 'com.apple.tsm.portname'
See /usr/include/servers/bootstrap_defs.h for the error codes.
1519828521604	geckodriver	INFO	geckodriver 0.19.1
1519828521615	geckodriver	INFO	Listening on 127.0.0.1:58150
1519828521845	mozrunner::runner	INFO	Running command: "/Applications/Firefox.app/Contents/MacOS/firefox-bin" "-marionette" "-profile" "/var/folders/vw/_q2x175s7t9_6vqg09p3hsvr0000gn/T/rust_mozprofile.hdDTqSGmsnbH"
1519828523049	Marionette	INFO	Enabled via --marionette
Handler function NetworkEventActorProxy.addResponseContent threw an exception: [Exception... "Component returned failure code: 0xc1f30001 (NS_ERROR_NOT_INITIALIZED) [nsIMessageSender.sendAsyncMessage]"  nsresult: "0xc1f30001 (NS_ERROR_NOT_INITIALIZED)"  location: "JS frame :: resource://devtools/shared/base-loader.js -> resource://devtools/shared/webconsole/network-monitor.js :: NetworkEventActorProxy.methodFactory/< :: line 1859"  data: no]
Stack: NetworkEventActorProxy.methodFactory/<@resource://devtools/shared/base-loader.js -> resource://devtools/shared/webconsole/network-monitor.js:1859:5
exports.makeInfallible/<@resource://devtools/shared/base-loader.js -> resource://devtools/shared/ThreadSafeDevToolsUtils.js:109:14
_onComplete@resource://devtools/shared/base-loader.js -> resource://devtools/shared/webconsole/network-monitor.js:641:5
onStreamClose@resource://devtools/shared/base-loader.js -> resource://devtools/shared/webconsole/network-monitor.js:598:7
onInputStreamReady@resource://devtools/shared/base-loader.js -> resource://devtools/shared/webconsole/network-monitor.js:689:7
Line: 1859, column: 0
console.error: 
  Handler function NetworkEventActorProxy.addResponseContent threw an exception: [Exception... "Component returned failure code: 0xc1f30001 (NS_ERROR_NOT_INITIALIZED) [nsIMessageSender.sendAsyncMessage]"  nsresult: "0xc1f30001 (NS_ERROR_NOT_INITIALIZED)"  location: "JS frame :: resource://devtools/shared/base-loader.js -> resource://devtools/shared/webconsole/network-monitor.js :: NetworkEventActorProxy.methodFactory/< :: line 1859"  data: no]
Stack: NetworkEventActorProxy.methodFactory/<@resource://devtools/shared/base-loader.js -> resource://devtools/shared/webconsole/network-monitor.js:1859:5
exports.makeInfallible/<@resource://devtools/shared/base-loader.js -> resource://devtools/shared/ThreadSafeDevToolsUtils.js:109:14
_onComplete@resource://devtools/shared/base-loader.js -> resource://devtools/shared/webconsole/network-monitor.js:641:5
onStreamClose@resource://devtools/shared/base-loader.js -> resource://devtools/shared/webconsole/network-monitor.js:598:7
onInputStreamReady@resource://devtools/shared/base-loader.js -> resource://devtools/shared/webconsole/network-monitor.js:689:7
Line: 1859, column: 0

###!!! [Child][RunMessage] Error: Channel closing: too late to send/recv, messages will be lost

2018-02-28 22:35:25.508 plugin-container[26651:3125787] *** CFMessagePort: bootstrap_register(): failed 1100 (0x44c) 'Permission denied', port = 0x8207, name = 'com.apple.tsm.portname'
See /usr/include/servers/bootstrap_defs.h for the error codes.
1519828526372	Marionette	INFO	Listening on port 58160
1519828526543	Marionette	WARN	TLS certificate errors will be ignored for this session
2018-02-28 22:35:27.903 plugin-container[26652:3125978] *** CFMessagePort: bootstrap_register(): failed 1100 (0x44c) 'Permission denied', port = 0x793f, name = 'com.apple.tsm.portname'
See /usr/include/servers/bootstrap_defs.h for the error codes.

###!!! [Child][RunMessage] Error: Channel closing: too late to send/recv, messages will be lost


###!!! [Child][RunMessage] Error: Channel closing: too late to send/recv, messages will be lost

*** UTM:SVC TimerManager:registerTimer called after profile-before-change notification. Ignoring timer registration for id: telemetry_modules_ping
2018-02-28 22:36:05.810 plugin-container[26661:3126978] *** CFMessagePort: bootstrap_register(): failed 1100 (0x44c) 'Permission denied', port = 0x7b3f, name = 'com.apple.tsm.portname'
See /usr/include/servers/bootstrap_defs.h for the error codes.
1519828611381	geckodriver	INFO	geckodriver 0.19.1
1519828611387	geckodriver	INFO	Listening on 127.0.0.1:58578
1519828612512	mozrunner::runner	INFO	Running command: "/Applications/Firefox.app/Contents/MacOS/firefox-bin" "-marionette" "-profile" "/var/folders/vw/_q2x175s7t9_6vqg09p3hsvr0000gn/T/rust_mozprofile.pqUjnRE8kk2m"
1519828613059	Marionette	INFO	Enabled via --marionette
2018-02-28 22:36:53.928 plugin-container[26678:3128546] *** CFMessagePort: bootstrap_register(): failed 1100 (0x44c) 'Permission denied', port = 0x793f, name = 'com.apple.tsm.portname'
See /usr/include/servers/bootstrap_defs.h for the error codes.
1519828614297	Marionette	INFO	Listening on port 58589
1519828614383	Marionette	WARN	TLS certificate errors will be ignored for this session
2018-02-28 22:36:54.810 plugin-container[26679:3128673] *** CFMessagePort: bootstrap_register(): failed 1100 (0x44c) 'Permission denied', port = 0x853b, name = 'com.apple.tsm.portname'
See /usr/include/servers/bootstrap_defs.h for the error codes.
1519828642905	geckodriver	INFO	geckodriver 0.19.1
1519828642913	geckodriver	INFO	Listening on 127.0.0.1:58793
1519828643990	mozrunner::runner	INFO	Running command: "/Applications/Firefox.app/Contents/MacOS/firefox-bin" "-marionette" "-profile" "/var/folders/vw/_q2x175s7t9_6vqg09p3hsvr0000gn/T/rust_mozprofile.5Rw50UwabNtI"
1519828644561	Marionette	INFO	Enabled via --marionette
2018-02-28 22:37:25.452 plugin-container[26694:3130066] *** CFMessagePort: bootstrap_register(): failed 1100 (0x44c) 'Permission denied', port = 0x823f, name = 'com.apple.tsm.portname'
See /usr/include/servers/bootstrap_defs.h for the error codes.
1519828645924	Marionette	INFO	Listening on port 58806
1519828645969	Marionette	WARN	TLS certificate errors will be ignored for this session
2018-02-28 22:37:26.406 plugin-container[26695:3130137] *** CFMessagePort: bootstrap_register(): failed 1100 (0x44c) 'Permission denied', port = 0x8303, name = 'com.apple.tsm.portname'
See /usr/include/servers/bootstrap_defs.h for the error codes.
1519828683739	geckodriver	INFO	geckodriver 0.19.1
1519828683747	geckodriver	INFO	Listening on 127.0.0.1:59085
1519828684835	mozrunner::runner	INFO	Running command: "/Applications/Firefox.app/Contents/MacOS/firefox-bin" "-marionette" "-profile" "/var/folders/vw/_q2x175s7t9_6vqg09p3hsvr0000gn/T/rust_mozprofile.ynuSdMw9Ukxc"
1519828685422	Marionette	INFO	Enabled via --marionette
2018-02-28 22:38:06.329 plugin-container[26710:3131641] *** CFMessagePort: bootstrap_register(): failed 1100 (0x44c) 'Permission denied', port = 0x7b3f, name = 'com.apple.tsm.portname'
See /usr/include/servers/bootstrap_defs.h for the error codes.
1519828686741	Marionette	INFO	Listening on port 59098
1519828686837	Marionette	WARN	TLS certificate errors will be ignored for this session
2018-02-28 22:38:07.233 plugin-container[26711:3131721] *** CFMessagePort: bootstrap_register(): failed 1100 (0x44c) 'Permission denied', port = 0x8243, name = 'com.apple.tsm.portname'
See /usr/include/servers/bootstrap_defs.h for the error codes.

###!!! [Parent][RunMessage] Error: Channel closing: too late to send/recv, messages will be lost

1519828727074	geckodriver	INFO	geckodriver 0.19.1
1519828727079	geckodriver	INFO	Listening on 127.0.0.1:59296
1519828728178	mozrunner::runner	INFO	Running command: "/Applications/Firefox.app/Contents/MacOS/firefox-bin" "-marionette" "-profile" "/var/folders/vw/_q2x175s7t9_6vqg09p3hsvr0000gn/T/rust_mozprofile.wMIRFmBQEpZK"
1519828728734	Marionette	INFO	Enabled via --marionette
2018-02-28 22:38:50.060 plugin-container[26728:3133167] *** CFMessagePort: bootstrap_register(): failed 1100 (0x44c) 'Permission denied', port = 0x8243, name = 'com.apple.tsm.portname'
See /usr/include/servers/bootstrap_defs.h for the error codes.
1519828730468	Marionette	INFO	Listening on port 59307
1519828730488	Marionette	WARN	TLS certificate errors will be ignored for this session
2018-02-28 22:38:51.056 plugin-container[26730:3133250] *** CFMessagePort: bootstrap_register(): failed 1100 (0x44c) 'Permission denied', port = 0x7143, name = 'com.apple.tsm.portname'
See /usr/include/servers/bootstrap_defs.h for the error codes.
*** UTM:SVC TimerManager:registerTimer called after profile-before-change notification. Ignoring timer registration for id: telemetry_modules_ping
JavaScript warning: resource://devtools/shared/base-loader.js -> resource://devtools/client/shared/demangle.js, line 0: Successfully compiled asm.js code (total compilation time 90ms; unable to cache asm.js in synchronous scripts; try loading asm.js via <script async> or createElement('script'))
Handler function threw an exception: [Exception... "Component returned failure code: 0x80040111 (NS_ERROR_NOT_AVAILABLE) [nsIHttpChannelInternal.remoteAddress]"  nsresult: "0x80040111 (NS_ERROR_NOT_AVAILABLE)"  location: "JS frame :: resource://devtools/shared/base-loader.js -> resource://devtools/shared/webconsole/network-monitor.js :: _onResponseHeader :: line 1353"  data: no]
Stack: _onResponseHeader@resource://devtools/shared/base-loader.js -> resource://devtools/shared/webconsole/network-monitor.js:1353:5
_dispatchActivity@resource://devtools/shared/base-loader.js -> resource://devtools/shared/webconsole/network-monitor.js:995:9
NetworkMonitor.prototype.observeActivity<@resource://devtools/shared/base-loader.js -> resource://devtools/shared/webconsole/network-monitor.js:1057:7
exports.makeInfallible/<@resource://devtools/shared/base-loader.js -> resource://devtools/shared/ThreadSafeDevToolsUtils.js:109:14
Line: 1353, column: 0
console.error: 
  Handler function threw an exception: [Exception... "Component returned failure code: 0x80040111 (NS_ERROR_NOT_AVAILABLE) [nsIHttpChannelInternal.remoteAddress]"  nsresult: "0x80040111 (NS_ERROR_NOT_AVAILABLE)"  location: "JS frame :: resource://devtools/shared/base-loader.js -> resource://devtools/shared/webconsole/network-monitor.js :: _onResponseHeader :: line 1353"  data: no]
Stack: _onResponseHeader@resource://devtools/shared/base-loader.js -> resource://devtools/shared/webconsole/network-monitor.js:1353:5
_dispatchActivity@resource://devtools/shared/base-loader.js -> resource://devtools/shared/webconsole/network-monitor.js:995:9
NetworkMonitor.prototype.observeActivity<@resource://devtools/shared/base-loader.js -> resource://devtools/shared/webconsole/network-monitor.js:1057:7
exports.makeInfallible/<@resource://devtools/shared/base-loader.js -> resource://devtools/shared/ThreadSafeDevToolsUtils.js:109:14
Line: 1353, column: 0
Handler function threw an exception: TypeError: undefined has no properties
Stack: _setupHarTimings@resource://devtools/shared/base-loader.js -> resource://devtools/shared/webconsole/network-monitor.js:1588:1
_onTransactionClose@resource://devtools/shared/base-loader.js -> resource://devtools/shared/webconsole/network-monitor.js:1387:18
_dispatchActivity@resource://devtools/shared/base-loader.js -> resource://devtools/shared/webconsole/network-monitor.js:998:9
NetworkMonitor.prototype.observeActivity<@resource://devtools/shared/base-loader.js -> resource://devtools/shared/webconsole/network-monitor.js:1057:7
exports.makeInfallible/<@resource://devtools/shared/base-loader.js -> resource://devtools/shared/ThreadSafeDevToolsUtils.js:109:14
Line: 1588, column: 1
console.error: 
  Handler function threw an exception: TypeError: undefined has no properties
Stack: _setupHarTimings@resource://devtools/shared/base-loader.js -> resource://devtools/shared/webconsole/network-monitor.js:1588:1
_onTransactionClose@resource://devtools/shared/base-loader.js -> resource://devtools/shared/webconsole/network-monitor.js:1387:18
_dispatchActivity@resource://devtools/shared/base-loader.js -> resource://devtools/shared/webconsole/network-monitor.js:998:9
NetworkMonitor.prototype.observeActivity<@resource://devtools/shared/base-loader.js -> resource://devtools/shared/webconsole/network-monitor.js:1057:7
exports.makeInfallible/<@resource://devtools/shared/base-loader.js -> resource://devtools/shared/ThreadSafeDevToolsUtils.js:109:14
Line: 1588, column: 1
Handler function DebuggerProgressListener.prototype.onStateChange threw an exception: [Exception... "Component returned failure code: 0x80004002 (NS_NOINTERFACE) [nsIWebProgress.DOMWindow]"  nsresult: "0x80004002 (NS_NOINTERFACE)"  location: "JS frame :: resource://devtools/shared/base-loader.js -> resource://devtools/server/actors/tab.js :: _docShellToWindow :: line 782"  data: no]
Stack: _docShellToWindow@resource://devtools/shared/base-loader.js -> resource://devtools/server/actors/tab.js:782:9
_docShellsToWindows/<@resource://devtools/shared/base-loader.js -> resource://devtools/server/actors/tab.js:806:38
_docShellsToWindows@resource://devtools/shared/base-loader.js -> resource://devtools/server/actors/tab.js:806:12
_notifyDocShellsUpdate@resource://devtools/shared/base-loader.js -> resource://devtools/server/actors/tab.js:810:19
DebuggerProgressListener.prototype.onStateChange<@resource://devtools/shared/base-loader.js -> resource://devtools/server/actors/tab.js:1626:7
exports.makeInfallible/<@resource://devtools/shared/base-loader.js -> resource://devtools/shared/ThreadSafeDevToolsUtils.js:109:14
Line: 782, column: 0
console.error: 
  Handler function DebuggerProgressListener.prototype.onStateChange threw an exception: [Exception... "Component returned failure code: 0x80004002 (NS_NOINTERFACE) [nsIWebProgress.DOMWindow]"  nsresult: "0x80004002 (NS_NOINTERFACE)"  location: "JS frame :: resource://devtools/shared/base-loader.js -> resource://devtools/server/actors/tab.js :: _docShellToWindow :: line 782"  data: no]
Stack: _docShellToWindow@resource://devtools/shared/base-loader.js -> resource://devtools/server/actors/tab.js:782:9
_docShellsToWindows/<@resource://devtools/shared/base-loader.js -> resource://devtools/server/actors/tab.js:806:38
_docShellsToWindows@resource://devtools/shared/base-loader.js -> resource://devtools/server/actors/tab.js:806:12
_notifyDocShellsUpdate@resource://devtools/shared/base-loader.js -> resource://devtools/server/actors/tab.js:810:19
DebuggerProgressListener.prototype.onStateChange<@resource://devtools/shared/base-loader.js -> resource://devtools/server/actors/tab.js:1626:7
exports.makeInfallible/<@resource://devtools/shared/base-loader.js -> resource://devtools/shared/ThreadSafeDevToolsUtils.js:109:14
Line: 782, column: 0
Handler function DebuggerProgressListener.prototype.onStateChange threw an exception: [Exception... "Component returned failure code: 0x80004002 (NS_NOINTERFACE) [nsIWebProgress.DOMWindow]"  nsresult: "0x80004002 (NS_NOINTERFACE)"  location: "JS frame :: resource://devtools/shared/base-loader.js -> resource://devtools/server/actors/tab.js :: DebuggerProgressListener.prototype.onStateChange< :: line 1629"  data: no]
Stack: DebuggerProgressListener.prototype.onStateChange<@resource://devtools/shared/base-loader.js -> resource://devtools/server/actors/tab.js:1629:9
exports.makeInfallible/<@resource://devtools/shared/base-loader.js -> resource://devtools/shared/ThreadSafeDevToolsUtils.js:109:14
Line: 1629, column: 0
console.error: 
  Handler function DebuggerProgressListener.prototype.onStateChange threw an exception: [Exception... "Component returned failure code: 0x80004002 (NS_NOINTERFACE) [nsIWebProgress.DOMWindow]"  nsresult: "0x80004002 (NS_NOINTERFACE)"  location: "JS frame :: resource://devtools/shared/base-loader.js -> resource://devtools/server/actors/tab.js :: DebuggerProgressListener.prototype.onStateChange< :: line 1629"  data: no]
Stack: DebuggerProgressListener.prototype.onStateChange<@resource://devtools/shared/base-loader.js -> resource://devtools/server/actors/tab.js:1629:9
exports.makeInfallible/<@resource://devtools/shared/base-loader.js -> resource://devtools/shared/ThreadSafeDevToolsUtils.js:109:14
Line: 1629, column: 0
console.error: 
  Message: TypeError: this.ownerNode is null
  Stack:
    _getText@resource://devtools/shared/base-loader.js -> resource://devtools/server/actors/stylesheets.js:402:11
getText@resource://devtools/shared/base-loader.js -> resource://devtools/server/actors/stylesheets.js:377:12
handler@resource://devtools/shared/base-loader.js -> resource://devtools/shared/protocol.js:1106:19
onPacket@resource://devtools/shared/base-loader.js -> resource://devtools/server/main.js:1791:15
receiveMessage@resource://devtools/shared/base-loader.js -> resource://devtools/shared/transport/transport.js:761:7

_getText@resource://devtools/shared/base-loader.js -> resource://devtools/server/actors/stylesheets.js:402:11
getText@resource://devtools/shared/base-loader.js -> resource://devtools/server/actors/stylesheets.js:377:12
handler@resource://devtools/shared/base-loader.js -> resource://devtools/shared/protocol.js:1106:19
onPacket@resource://devtools/shared/base-loader.js -> resource://devtools/server/main.js:1791:15
receiveMessage@resource://devtools/shared/base-loader.js -> resource://devtools/shared/transport/transport.js:761:7
console.error: 
  Message: TypeError: this.ownerNode is null
  Stack:
    _getText@resource://devtools/shared/base-loader.js -> resource://devtools/server/actors/stylesheets.js:402:11
getText@resource://devtools/shared/base-loader.js -> resource://devtools/server/actors/stylesheets.js:377:12
handler@resource://devtools/shared/base-loader.js -> resource://devtools/shared/protocol.js:1106:19
onPacket@resource://devtools/shared/base-loader.js -> resource://devtools/server/main.js:1791:15
receiveMessage@resource://devtools/shared/base-loader.js -> resource://devtools/shared/transport/transport.js:761:7

_getText@resource://devtools/shared/base-loader.js -> resource://devtools/server/actors/stylesheets.js:402:11
getText@resource://devtools/shared/base-loader.js -> resource://devtools/server/actors/stylesheets.js:377:12
handler@resource://devtools/shared/base-loader.js -> resource://devtools/shared/protocol.js:1106:19
onPacket@resource://devtools/shared/base-loader.js -> resource://devtools/server/main.js:1791:15
receiveMessage@resource://devtools/shared/base-loader.js -> resource://devtools/shared/transport/transport.js:761:7
console.error: 
  Message: TypeError: this.ownerNode is null
  Stack:
    _getText@resource://devtools/shared/base-loader.js -> resource://devtools/server/actors/stylesheets.js:402:11
getText@resource://devtools/shared/base-loader.js -> resource://devtools/server/actors/stylesheets.js:377:12
handler@resource://devtools/shared/base-loader.js -> resource://devtools/shared/protocol.js:1106:19
onPacket@resource://devtools/shared/base-loader.js -> resource://devtools/server/main.js:1791:15
receiveMessage@resource://devtools/shared/base-loader.js -> resource://devtools/shared/transport/transport.js:761:7

_getText@resource://devtools/shared/base-loader.js -> resource://devtools/server/actors/stylesheets.js:402:11
getText@resource://devtools/shared/base-loader.js -> resource://devtools/server/actors/stylesheets.js:377:12
handler@resource://devtools/shared/base-loader.js -> resource://devtools/shared/protocol.js:1106:19
onPacket@resource://devtools/shared/base-loader.js -> resource://devtools/server/main.js:1791:15
receiveMessage@resource://devtools/shared/base-loader.js -> resource://devtools/shared/transport/transport.js:761:7
console.error: 
  Protocol error (unknownError): this.ownerNode is null
console.error: 
  Protocol error (unknownError): this.ownerNode is null
console.error: 
  Protocol error (unknownError): this.ownerNode is null
JavaScript error: , line 0: uncaught exception: Protocol error (unknownError): this.ownerNode is null
JavaScript error: , line 0: uncaught exception: Protocol error (unknownError): this.ownerNode is null
JavaScript error: , line 0: uncaught exception: Protocol error (unknownError): this.ownerNode is null
console.error: 
  Won't load source editor as the style sheet has already been removed from Style Editor.
console.error: 
  Message: TypeError: this.ownerNode is null
  Stack:
    _getText@resource://devtools/shared/base-loader.js -> resource://devtools/server/actors/stylesheets.js:402:11
getText@resource://devtools/shared/base-loader.js -> resource://devtools/server/actors/stylesheets.js:377:12
handler@resource://devtools/shared/base-loader.js -> resource://devtools/shared/protocol.js:1106:19
onPacket@resource://devtools/shared/base-loader.js -> resource://devtools/server/main.js:1791:15
receiveMessage@resource://devtools/shared/base-loader.js -> resource://devtools/shared/transport/transport.js:761:7

_getText@resource://devtools/shared/base-loader.js -> resource://devtools/server/actors/stylesheets.js:402:11
getText@resource://devtools/shared/base-loader.js -> resource://devtools/server/actors/stylesheets.js:377:12
handler@resource://devtools/shared/base-loader.js -> resource://devtools/shared/protocol.js:1106:19
onPacket@resource://devtools/shared/base-loader.js -> resource://devtools/server/main.js:1791:15
receiveMessage@resource://devtools/shared/base-loader.js -> resource://devtools/shared/transport/transport.js:761:7
console.error: 
  Message: TypeError: this.ownerNode is null
  Stack:
    _getText@resource://devtools/shared/base-loader.js -> resource://devtools/server/actors/stylesheets.js:402:11
getText@resource://devtools/shared/base-loader.js -> resource://devtools/server/actors/stylesheets.js:377:12
handler@resource://devtools/shared/base-loader.js -> resource://devtools/shared/protocol.js:1106:19
onPacket@resource://devtools/shared/base-loader.js -> resource://devtools/server/main.js:1791:15
receiveMessage@resource://devtools/shared/base-loader.js -> resource://devtools/shared/transport/transport.js:761:7

_getText@resource://devtools/shared/base-loader.js -> resource://devtools/server/actors/stylesheets.js:402:11
getText@resource://devtools/shared/base-loader.js -> resource://devtools/server/actors/stylesheets.js:377:12
handler@resource://devtools/shared/base-loader.js -> resource://devtools/shared/protocol.js:1106:19
onPacket@resource://devtools/shared/base-loader.js -> resource://devtools/server/main.js:1791:15
receiveMessage@resource://devtools/shared/base-loader.js -> resource://devtools/shared/transport/transport.js:761:7
console.error: 
  Message: TypeError: this.ownerNode is null
  Stack:
    _getText@resource://devtools/shared/base-loader.js -> resource://devtools/server/actors/stylesheets.js:402:11
getText@resource://devtools/shared/base-loader.js -> resource://devtools/server/actors/stylesheets.js:377:12
handler@resource://devtools/shared/base-loader.js -> resource://devtools/shared/protocol.js:1106:19
onPacket@resource://devtools/shared/base-loader.js -> resource://devtools/server/main.js:1791:15
receiveMessage@resource://devtools/shared/base-loader.js -> resource://devtools/shared/transport/transport.js:761:7

_getText@resource://devtools/shared/base-loader.js -> resource://devtools/server/actors/stylesheets.js:402:11
getText@resource://devtools/shared/base-loader.js -> resource://devtools/server/actors/stylesheets.js:377:12
handler@resource://devtools/shared/base-loader.js -> resource://devtools/shared/protocol.js:1106:19
onPacket@resource://devtools/shared/base-loader.js -> resource://devtools/server/main.js:1791:15
receiveMessage@resource://devtools/shared/base-loader.js -> resource://devtools/shared/transport/transport.js:761:7
console.error: 
  Protocol error (unknownError): this.ownerNode is null
console.error: 
  Protocol error (unknownError): this.ownerNode is null
console.error: 
  Protocol error (unknownError): this.ownerNode is null
JavaScript error: , line 0: uncaught exception: Protocol error (unknownError): this.ownerNode is null
JavaScript error: , line 0: uncaught exception: Protocol error (unknownError): this.ownerNode is null
JavaScript error: , line 0: uncaught exception: Protocol error (unknownError): this.ownerNode is null
console.error: 
  stylesheets actor: fetch failed for https://cdn6.agoda.net/images/mvc/styles/experiment-desktop-d41d8cd98f00b204e9800998ecf8427e.css, using system principal instead.
console.error: 
Object
  - prototype Object
    - columnNumber = 0
    - data = null
    - filename = resource://devtools/shared/base-loader.js -> resource://devtools/shared/DevToolsUtils.js
    - lineNumber = 564
    - location = {"name":"onResponse","filename":"resource://devtools/shared/base-loader.js -> resource://devtools/shared/DevToolsUtils.js","lineNumber":564,"columnNumber":23,"sourceLine":"","asyncCause":null,"asyncCaller":null,"caller":{"filename":"resource://gre/modules/NetUtil.jsm","name":"onStopRequest","lineNumber":131,"columnNumber":17,"sourceLine":"","asyncCause":null,"asyncCaller":null,"caller":null,"formattedStack":"onStopRequest@resource://gre/modules/NetUtil.jsm:131:17\n","nativeSavedFrame":{}},"formattedStack":"onResponse@resource://devtools/shared/base-loader.js -> resource://devtools/shared/DevToolsUtils.js:564:23\nonStopRequest@resource://gre/modules/NetUtil.jsm:131:17\n","nativeSavedFrame":{}}
    - message = Component returned failure code: 0x80470002 (NS_BASE_STREAM_CLOSED) [nsIInputStream.available]
    - name = NS_BASE_STREAM_CLOSED
    - result = 2152136706
    - stack = onResponse@resource://devtools/shared/base-loader.js -> resource://devtools/shared/DevToolsUtils.js:564:23|onStopRequest@resource://gre/modules/NetUtil.jsm:131:17|
  - prototype Object
onResponse@resource://devtools/shared/base-loader.js -> resource://devtools/shared/DevToolsUtils.js:564:23
onStopRequest@resource://gre/modules/NetUtil.jsm:131:17
console.error: 
  Protocol error (unknownError): Component returned failure code: 0x80470002 (NS_BASE_STREAM_CLOSED) [nsIInputStream.available]
console.error: 
  Protocol error (unknownError): Component returned failure code: 0x80470002 (NS_BASE_STREAM_CLOSED) [nsIInputStream.available]
console.error: 
  Protocol error (noSuchActor): No such actor for ID: server1.conn0.child1/memoryActor11
JavaScript error: resource://devtools/shared/base-loader.js -> resource://devtools/client/netmonitor/src/connector/firefox-connector.js, line 101: TypeError: this.tabTarget is null
